<?xml version="1.0" encoding="UTF-8"?>
<!-- Generated by org.testng.reporters.JUnitReportReporter -->
<testsuite hostname="IN-JT9T253" failures="0" tests="1" name="tasks.createCustomer" time="0.002" errors="0" timestamp="02 May 2023 05:25:10 GMT" skipped="0">
  <testcase classname="tasks.createCustomer" name="createcust" time="0.002"/>
</testsuite> <!-- tasks.createCustomer -->
